<?xml version="1.0" encoding="UTF-8"?>
<!-- Generated by org.testng.reporters.JUnitReportReporter -->
<testsuite skipped="0" hostname="500010351072-NB.local" name="br.com.VH.framework.tests.API.CurrencyAPI" tests="2" failures="0" timestamp="23 Mar 2019 15:57:01 GMT" time="5.123" errors="0">
  <testcase name="test" time="0.748" classname="br.com.VH.framework.tests.API.CurrencyAPI"/>
  <testcase name="test" time="4.375" classname="br.com.VH.framework.tests.API.CurrencyAPI"/>
</testsuite> <!-- br.com.VH.framework.tests.API.CurrencyAPI -->
