<?xml version="1.0" encoding="UTF-8"?>
<!-- Generated by org.testng.reporters.JUnitReportReporter -->
<testsuite skipped="0" hostname="500010351072-NB.local" name="br.com.VH.framework.tests.API.CurrencyAPI" tests="2" failures="0" timestamp="23 Mar 2019 17:43:31 GMT" time="4.426" errors="0">
  <testcase name="testBRLcurrency" time="3.529" classname="br.com.VH.framework.tests.API.CurrencyAPI"/>
  <testcase name="testCADcurrency" time="0.897" classname="br.com.VH.framework.tests.API.CurrencyAPI"/>
</testsuite> <!-- br.com.VH.framework.tests.API.CurrencyAPI -->
