<?xml version="1.0" encoding="UTF-8"?>
<!-- Generated by org.testng.reporters.JUnitReportReporter -->
<testsuite skipped="0" hostname="500010351072-NB.local" name="br.com.VH.framework.tests.API.CurrencyBRL" tests="1" failures="0" timestamp="23 Mar 2019 15:50:04 GMT" time="3.623" errors="0">
  <testcase name="test" time="3.623" classname="br.com.VH.framework.tests.API.CurrencyBRL"/>
</testsuite> <!-- br.com.VH.framework.tests.API.CurrencyBRL -->
