<?xml version="1.0" encoding="UTF-8"?>
<!-- Generated by org.testng.reporters.JUnitReportReporter -->
<testsuite skipped="0" hostname="500010351072-NB.local" name="br.com.VH.framework.tests.web.AccessGooglePage" tests="1" failures="0" timestamp="20 Mar 2019 12:42:54 GMT" time="19.200" errors="0">
  <testcase name="accessGooglePage" time="19.200" classname="br.com.VH.framework.tests.web.AccessGooglePage"/>
</testsuite> <!-- br.com.VH.framework.tests.web.AccessGooglePage -->
