<?xml version="1.0" encoding="UTF-8"?>
<!-- Generated by org.testng.reporters.JUnitReportReporter -->
<testsuite skipped="0" hostname="500010351072-NB.local" name="br.com.VH.framework.tests.mobile.AccessGooglePageAndroid" tests="1" failures="0" timestamp="22 Mar 2019 14:39:54 GMT" time="14.542" errors="0">
  <testcase name="accessGooglePage" time="14.542" classname="br.com.VH.framework.tests.mobile.AccessGooglePageAndroid"/>
</testsuite> <!-- br.com.VH.framework.tests.mobile.AccessGooglePageAndroid -->
