<?xml version="1.0" encoding="UTF-8"?>
<!-- Generated by org.testng.reporters.JUnitReportReporter -->
<testsuite skipped="0" hostname="500010351072-NB.local" name="br.com.VH.framework.tests.web.AccessGooglePage" tests="1" failures="0" timestamp="22 Mar 2019 18:46:14 GMT" time="3.270" errors="0">
  <testcase name="accessGooglePage" time="3.270" classname="br.com.VH.framework.tests.web.AccessGooglePage"/>
</testsuite> <!-- br.com.VH.framework.tests.web.AccessGooglePage -->
