<?xml version="1.0" encoding="UTF-8"?>
<!-- Generated by org.testng.reporters.JUnitReportReporter -->
<testsuite skipped="0" hostname="DESKTOP-UA2CG47" name="br.com.VH.framework.tests.web.AccessGooglePage" tests="1" failures="0" timestamp="18 mar 2019 01:13:50 GMT" time="3.276" errors="0">
  <testcase name="accessGooglePage" time="3.276" classname="br.com.VH.framework.tests.web.AccessGooglePage"/>
</testsuite> <!-- br.com.VH.framework.tests.web.AccessGooglePage -->
